<?xml version="1.0" encoding="UTF-8"?>
<!-- Generated by org.testng.reporters.JUnitReportReporter -->
<testsuite skipped="0" hostname="R9024795" name="com.Vision.testcase_StewartSeed.AppTest" tests="1" failures="0" timestamp="17 Apr 2017 18:02:19 GMT" time="0.001" errors="0">
  <testcase name="testApp" time="0.001" classname="com.Vision.testcase_StewartSeed.AppTest"/>
</testsuite> <!-- com.Vision.testcase_StewartSeed.AppTest -->
